<?xml version="1.0" encoding="UTF-8"?><testsuite errors="0" failures="0" name="com.reqres.Test.ReqresTest" skipped="0" tests="5" time="7.61" timestamp="2022-06-07T12:38:21.954-07:00[America/Phoenix]"><testcase classname="com.reqres.Test.ReqresTest" name="Test001"/><testcase classname="com.reqres.Test.ReqresTest" name="Test002"/><testcase classname="com.reqres.Test.ReqresTest" name="Test003"/><testcase classname="com.reqres.Test.ReqresTest" name="Test004"/><testcase classname="com.reqres.Test.ReqresTest" name="Test005"/></testsuite>